
> hanzo-ai@0.1.0 dev:webpack /Users/z/work/hanzo/build
> next dev

 ⚠ Warning: Next.js inferred your workspace root, but it may not be correct.
 We detected multiple lockfiles and selected the directory of /Users/z/package-lock.json as the root directory.
 To silence this warning, set `outputFileTracingRoot` in your Next.js config, or consider removing one of the lockfiles if it's not needed.
   See https://nextjs.org/docs/app/api-reference/config/next-config-js/output#caveats for more information.
 Detected additional lockfiles: 
   * /Users/z/work/hanzo/build/pnpm-lock.yaml

   ▲ Next.js 15.5.4
   - Local:        http://localhost:3000
   - Network:      http://192.168.68.51:3000
   - Environments: .env.local
   - Experiments (use with caution):
     · serverActions

 ✓ Starting...
 ✓ Ready in 1946ms
 ✓ Compiled /middleware in 155ms (162 modules)
 ○ Compiling / ...
 ⚠ ./node_modules/.pnpm/@opentelemetry+instrumentation@0.204.0_@opentelemetry+api@1.9.0/node_modules/@opentelemetry/instrumentation/build/esm/platform/node/instrumentation.js
Critical dependency: the request of a dependency is an expression

Import trace for requested module:
./node_modules/.pnpm/@opentelemetry+instrumentation@0.204.0_@opentelemetry+api@1.9.0/node_modules/@opentelemetry/instrumentation/build/esm/platform/node/instrumentation.js
./node_modules/.pnpm/@opentelemetry+instrumentation@0.204.0_@opentelemetry+api@1.9.0/node_modules/@opentelemetry/instrumentation/build/esm/platform/node/index.js
./node_modules/.pnpm/@opentelemetry+instrumentation@0.204.0_@opentelemetry+api@1.9.0/node_modules/@opentelemetry/instrumentation/build/esm/platform/index.js
./node_modules/.pnpm/@opentelemetry+instrumentation@0.204.0_@opentelemetry+api@1.9.0/node_modules/@opentelemetry/instrumentation/build/esm/index.js
./node_modules/.pnpm/@sentry+node@10.15.0/node_modules/@sentry/node/build/cjs/integrations/tracing/postgresjs.js
./node_modules/.pnpm/@sentry+node@10.15.0/node_modules/@sentry/node/build/cjs/index.js
./node_modules/.pnpm/@sentry+nextjs@10.15.0_@opentelemetry+context-async-hooks@2.1.0_@opentelemetry+api@1.9._03050658ebf5b7114215cfac20489037/node_modules/@sentry/nextjs/build/cjs/index.server.js
./lib/error-handling/error-logger.ts
./app/global-error.tsx

./node_modules/.pnpm/require-in-the-middle@7.5.2/node_modules/require-in-the-middle/index.js
Critical dependency: require function is used in a way in which dependencies cannot be statically extracted

Import trace for requested module:
./node_modules/.pnpm/require-in-the-middle@7.5.2/node_modules/require-in-the-middle/index.js
./node_modules/.pnpm/@opentelemetry+instrumentation@0.204.0_@opentelemetry+api@1.9.0/node_modules/@opentelemetry/instrumentation/build/esm/platform/node/instrumentation.js
./node_modules/.pnpm/@opentelemetry+instrumentation@0.204.0_@opentelemetry+api@1.9.0/node_modules/@opentelemetry/instrumentation/build/esm/platform/node/index.js
./node_modules/.pnpm/@opentelemetry+instrumentation@0.204.0_@opentelemetry+api@1.9.0/node_modules/@opentelemetry/instrumentation/build/esm/platform/index.js
./node_modules/.pnpm/@opentelemetry+instrumentation@0.204.0_@opentelemetry+api@1.9.0/node_modules/@opentelemetry/instrumentation/build/esm/index.js
./node_modules/.pnpm/@sentry+node@10.15.0/node_modules/@sentry/node/build/cjs/integrations/tracing/postgresjs.js
./node_modules/.pnpm/@sentry+node@10.15.0/node_modules/@sentry/node/build/cjs/index.js
./node_modules/.pnpm/@sentry+nextjs@10.15.0_@opentelemetry+context-async-hooks@2.1.0_@opentelemetry+api@1.9._03050658ebf5b7114215cfac20489037/node_modules/@sentry/nextjs/build/cjs/index.server.js
./lib/error-handling/error-logger.ts
./app/global-error.tsx

./node_modules/.pnpm/@opentelemetry+instrumentation@0.204.0_@opentelemetry+api@1.9.0/node_modules/@opentelemetry/instrumentation/build/esm/platform/node/instrumentation.js
Critical dependency: the request of a dependency is an expression

Import trace for requested module:
./node_modules/.pnpm/@opentelemetry+instrumentation@0.204.0_@opentelemetry+api@1.9.0/node_modules/@opentelemetry/instrumentation/build/esm/platform/node/instrumentation.js
./node_modules/.pnpm/@opentelemetry+instrumentation@0.204.0_@opentelemetry+api@1.9.0/node_modules/@opentelemetry/instrumentation/build/esm/platform/node/index.js
./node_modules/.pnpm/@opentelemetry+instrumentation@0.204.0_@opentelemetry+api@1.9.0/node_modules/@opentelemetry/instrumentation/build/esm/platform/index.js
./node_modules/.pnpm/@opentelemetry+instrumentation@0.204.0_@opentelemetry+api@1.9.0/node_modules/@opentelemetry/instrumentation/build/esm/index.js
./node_modules/.pnpm/@sentry+node@10.15.0/node_modules/@sentry/node/build/cjs/integrations/tracing/postgresjs.js
./node_modules/.pnpm/@sentry+node@10.15.0/node_modules/@sentry/node/build/cjs/index.js
./node_modules/.pnpm/@sentry+nextjs@10.15.0_@opentelemetry+context-async-hooks@2.1.0_@opentelemetry+api@1.9._03050658ebf5b7114215cfac20489037/node_modules/@sentry/nextjs/build/cjs/index.server.js
./lib/error-handling/error-logger.ts
./app/layout.tsx

./node_modules/.pnpm/require-in-the-middle@7.5.2/node_modules/require-in-the-middle/index.js
Critical dependency: require function is used in a way in which dependencies cannot be statically extracted

Import trace for requested module:
./node_modules/.pnpm/require-in-the-middle@7.5.2/node_modules/require-in-the-middle/index.js
./node_modules/.pnpm/@opentelemetry+instrumentation@0.204.0_@opentelemetry+api@1.9.0/node_modules/@opentelemetry/instrumentation/build/esm/platform/node/instrumentation.js
./node_modules/.pnpm/@opentelemetry+instrumentation@0.204.0_@opentelemetry+api@1.9.0/node_modules/@opentelemetry/instrumentation/build/esm/platform/node/index.js
./node_modules/.pnpm/@opentelemetry+instrumentation@0.204.0_@opentelemetry+api@1.9.0/node_modules/@opentelemetry/instrumentation/build/esm/platform/index.js
./node_modules/.pnpm/@opentelemetry+instrumentation@0.204.0_@opentelemetry+api@1.9.0/node_modules/@opentelemetry/instrumentation/build/esm/index.js
./node_modules/.pnpm/@sentry+node@10.15.0/node_modules/@sentry/node/build/cjs/integrations/tracing/postgresjs.js
./node_modules/.pnpm/@sentry+node@10.15.0/node_modules/@sentry/node/build/cjs/index.js
./node_modules/.pnpm/@sentry+nextjs@10.15.0_@opentelemetry+context-async-hooks@2.1.0_@opentelemetry+api@1.9._03050658ebf5b7114215cfac20489037/node_modules/@sentry/nextjs/build/cjs/index.server.js
./lib/error-handling/error-logger.ts
./app/layout.tsx
 GET / 200 in 8325ms
 ⚠ Found a change in next.config.ts. Restarting the server to apply the changes...
   ▲ Next.js 15.5.4
   - Local:        http://localhost:3000
   - Network:      http://192.168.68.51:3000
   - Environments: .env.local
   - Experiments (use with caution):
     · serverActions

 ✓ Starting...
 ✓ Ready in 1816ms
 ✓ Compiled /middleware in 158ms (162 modules)
 ○ Compiling / ...
 ⚠ ./node_modules/.pnpm/@opentelemetry+instrumentation@0.204.0_@opentelemetry+api@1.9.0/node_modules/@opentelemetry/instrumentation/build/esm/platform/node/instrumentation.js
Critical dependency: the request of a dependency is an expression

Import trace for requested module:
./node_modules/.pnpm/@opentelemetry+instrumentation@0.204.0_@opentelemetry+api@1.9.0/node_modules/@opentelemetry/instrumentation/build/esm/platform/node/instrumentation.js
./node_modules/.pnpm/@opentelemetry+instrumentation@0.204.0_@opentelemetry+api@1.9.0/node_modules/@opentelemetry/instrumentation/build/esm/platform/node/index.js
./node_modules/.pnpm/@opentelemetry+instrumentation@0.204.0_@opentelemetry+api@1.9.0/node_modules/@opentelemetry/instrumentation/build/esm/platform/index.js
./node_modules/.pnpm/@opentelemetry+instrumentation@0.204.0_@opentelemetry+api@1.9.0/node_modules/@opentelemetry/instrumentation/build/esm/index.js
./node_modules/.pnpm/@sentry+node@10.15.0/node_modules/@sentry/node/build/cjs/integrations/tracing/postgresjs.js
./node_modules/.pnpm/@sentry+node@10.15.0/node_modules/@sentry/node/build/cjs/index.js
./node_modules/.pnpm/@sentry+nextjs@10.15.0_@opentelemetry+context-async-hooks@2.1.0_@opentelemetry+api@1.9._03050658ebf5b7114215cfac20489037/node_modules/@sentry/nextjs/build/cjs/index.server.js
./lib/error-handling/error-logger.ts
./app/global-error.tsx

./node_modules/.pnpm/require-in-the-middle@7.5.2/node_modules/require-in-the-middle/index.js
Critical dependency: require function is used in a way in which dependencies cannot be statically extracted

Import trace for requested module:
./node_modules/.pnpm/require-in-the-middle@7.5.2/node_modules/require-in-the-middle/index.js
./node_modules/.pnpm/@opentelemetry+instrumentation@0.204.0_@opentelemetry+api@1.9.0/node_modules/@opentelemetry/instrumentation/build/esm/platform/node/instrumentation.js
./node_modules/.pnpm/@opentelemetry+instrumentation@0.204.0_@opentelemetry+api@1.9.0/node_modules/@opentelemetry/instrumentation/build/esm/platform/node/index.js
./node_modules/.pnpm/@opentelemetry+instrumentation@0.204.0_@opentelemetry+api@1.9.0/node_modules/@opentelemetry/instrumentation/build/esm/platform/index.js
./node_modules/.pnpm/@opentelemetry+instrumentation@0.204.0_@opentelemetry+api@1.9.0/node_modules/@opentelemetry/instrumentation/build/esm/index.js
./node_modules/.pnpm/@sentry+node@10.15.0/node_modules/@sentry/node/build/cjs/integrations/tracing/postgresjs.js
./node_modules/.pnpm/@sentry+node@10.15.0/node_modules/@sentry/node/build/cjs/index.js
./node_modules/.pnpm/@sentry+nextjs@10.15.0_@opentelemetry+context-async-hooks@2.1.0_@opentelemetry+api@1.9._03050658ebf5b7114215cfac20489037/node_modules/@sentry/nextjs/build/cjs/index.server.js
./lib/error-handling/error-logger.ts
./app/global-error.tsx

./node_modules/.pnpm/@opentelemetry+instrumentation@0.204.0_@opentelemetry+api@1.9.0/node_modules/@opentelemetry/instrumentation/build/esm/platform/node/instrumentation.js
Critical dependency: the request of a dependency is an expression

Import trace for requested module:
./node_modules/.pnpm/@opentelemetry+instrumentation@0.204.0_@opentelemetry+api@1.9.0/node_modules/@opentelemetry/instrumentation/build/esm/platform/node/instrumentation.js
./node_modules/.pnpm/@opentelemetry+instrumentation@0.204.0_@opentelemetry+api@1.9.0/node_modules/@opentelemetry/instrumentation/build/esm/platform/node/index.js
./node_modules/.pnpm/@opentelemetry+instrumentation@0.204.0_@opentelemetry+api@1.9.0/node_modules/@opentelemetry/instrumentation/build/esm/platform/index.js
./node_modules/.pnpm/@opentelemetry+instrumentation@0.204.0_@opentelemetry+api@1.9.0/node_modules/@opentelemetry/instrumentation/build/esm/index.js
./node_modules/.pnpm/@sentry+node@10.15.0/node_modules/@sentry/node/build/cjs/integrations/tracing/postgresjs.js
./node_modules/.pnpm/@sentry+node@10.15.0/node_modules/@sentry/node/build/cjs/index.js
./node_modules/.pnpm/@sentry+nextjs@10.15.0_@opentelemetry+context-async-hooks@2.1.0_@opentelemetry+api@1.9._03050658ebf5b7114215cfac20489037/node_modules/@sentry/nextjs/build/cjs/index.server.js
./lib/error-handling/error-logger.ts
./app/layout.tsx

./node_modules/.pnpm/require-in-the-middle@7.5.2/node_modules/require-in-the-middle/index.js
Critical dependency: require function is used in a way in which dependencies cannot be statically extracted

Import trace for requested module:
./node_modules/.pnpm/require-in-the-middle@7.5.2/node_modules/require-in-the-middle/index.js
./node_modules/.pnpm/@opentelemetry+instrumentation@0.204.0_@opentelemetry+api@1.9.0/node_modules/@opentelemetry/instrumentation/build/esm/platform/node/instrumentation.js
./node_modules/.pnpm/@opentelemetry+instrumentation@0.204.0_@opentelemetry+api@1.9.0/node_modules/@opentelemetry/instrumentation/build/esm/platform/node/index.js
./node_modules/.pnpm/@opentelemetry+instrumentation@0.204.0_@opentelemetry+api@1.9.0/node_modules/@opentelemetry/instrumentation/build/esm/platform/index.js
./node_modules/.pnpm/@opentelemetry+instrumentation@0.204.0_@opentelemetry+api@1.9.0/node_modules/@opentelemetry/instrumentation/build/esm/index.js
./node_modules/.pnpm/@sentry+node@10.15.0/node_modules/@sentry/node/build/cjs/integrations/tracing/postgresjs.js
./node_modules/.pnpm/@sentry+node@10.15.0/node_modules/@sentry/node/build/cjs/index.js
./node_modules/.pnpm/@sentry+nextjs@10.15.0_@opentelemetry+context-async-hooks@2.1.0_@opentelemetry+api@1.9._03050658ebf5b7114215cfac20489037/node_modules/@sentry/nextjs/build/cjs/index.server.js
./lib/error-handling/error-logger.ts
./app/layout.tsx
 HEAD / 200 in 5695ms
 GET / 200 in 106ms
 ⨯ [Error: ENOENT: no such file or directory, open '/Users/z/work/hanzo/build/.next/server/app-paths-manifest.json'] {
  errno: -2,
  code: 'ENOENT',
  syscall: 'open',
  path: '/Users/z/work/hanzo/build/.next/server/app-paths-manifest.json',
  page: '/'
}
 ⚠ ./node_modules/.pnpm/@opentelemetry+instrumentation@0.204.0_@opentelemetry+api@1.9.0/node_modules/@opentelemetry/instrumentation/build/esm/platform/node/instrumentation.js
Critical dependency: the request of a dependency is an expression

Import trace for requested module:
./node_modules/.pnpm/@opentelemetry+instrumentation@0.204.0_@opentelemetry+api@1.9.0/node_modules/@opentelemetry/instrumentation/build/esm/platform/node/instrumentation.js
./node_modules/.pnpm/@opentelemetry+instrumentation@0.204.0_@opentelemetry+api@1.9.0/node_modules/@opentelemetry/instrumentation/build/esm/platform/node/index.js
./node_modules/.pnpm/@opentelemetry+instrumentation@0.204.0_@opentelemetry+api@1.9.0/node_modules/@opentelemetry/instrumentation/build/esm/platform/index.js
./node_modules/.pnpm/@opentelemetry+instrumentation@0.204.0_@opentelemetry+api@1.9.0/node_modules/@opentelemetry/instrumentation/build/esm/index.js
./node_modules/.pnpm/@sentry+node@10.15.0/node_modules/@sentry/node/build/cjs/integrations/tracing/postgresjs.js
./node_modules/.pnpm/@sentry+node@10.15.0/node_modules/@sentry/node/build/cjs/index.js
./node_modules/.pnpm/@sentry+nextjs@10.15.0_@opentelemetry+context-async-hooks@2.1.0_@opentelemetry+api@1.9._03050658ebf5b7114215cfac20489037/node_modules/@sentry/nextjs/build/cjs/index.server.js
./lib/error-handling/error-logger.ts
./app/global-error.tsx

./node_modules/.pnpm/require-in-the-middle@7.5.2/node_modules/require-in-the-middle/index.js
Critical dependency: require function is used in a way in which dependencies cannot be statically extracted

Import trace for requested module:
./node_modules/.pnpm/require-in-the-middle@7.5.2/node_modules/require-in-the-middle/index.js
./node_modules/.pnpm/@opentelemetry+instrumentation@0.204.0_@opentelemetry+api@1.9.0/node_modules/@opentelemetry/instrumentation/build/esm/platform/node/instrumentation.js
./node_modules/.pnpm/@opentelemetry+instrumentation@0.204.0_@opentelemetry+api@1.9.0/node_modules/@opentelemetry/instrumentation/build/esm/platform/node/index.js
./node_modules/.pnpm/@opentelemetry+instrumentation@0.204.0_@opentelemetry+api@1.9.0/node_modules/@opentelemetry/instrumentation/build/esm/platform/index.js
./node_modules/.pnpm/@opentelemetry+instrumentation@0.204.0_@opentelemetry+api@1.9.0/node_modules/@opentelemetry/instrumentation/build/esm/index.js
./node_modules/.pnpm/@sentry+node@10.15.0/node_modules/@sentry/node/build/cjs/integrations/tracing/postgresjs.js
./node_modules/.pnpm/@sentry+node@10.15.0/node_modules/@sentry/node/build/cjs/index.js
./node_modules/.pnpm/@sentry+nextjs@10.15.0_@opentelemetry+context-async-hooks@2.1.0_@opentelemetry+api@1.9._03050658ebf5b7114215cfac20489037/node_modules/@sentry/nextjs/build/cjs/index.server.js
./lib/error-handling/error-logger.ts
./app/global-error.tsx

./node_modules/.pnpm/@opentelemetry+instrumentation@0.204.0_@opentelemetry+api@1.9.0/node_modules/@opentelemetry/instrumentation/build/esm/platform/node/instrumentation.js
Critical dependency: the request of a dependency is an expression

Import trace for requested module:
./node_modules/.pnpm/@opentelemetry+instrumentation@0.204.0_@opentelemetry+api@1.9.0/node_modules/@opentelemetry/instrumentation/build/esm/platform/node/instrumentation.js
./node_modules/.pnpm/@opentelemetry+instrumentation@0.204.0_@opentelemetry+api@1.9.0/node_modules/@opentelemetry/instrumentation/build/esm/platform/node/index.js
./node_modules/.pnpm/@opentelemetry+instrumentation@0.204.0_@opentelemetry+api@1.9.0/node_modules/@opentelemetry/instrumentation/build/esm/platform/index.js
./node_modules/.pnpm/@opentelemetry+instrumentation@0.204.0_@opentelemetry+api@1.9.0/node_modules/@opentelemetry/instrumentation/build/esm/index.js
./node_modules/.pnpm/@sentry+node@10.15.0/node_modules/@sentry/node/build/cjs/integrations/tracing/postgresjs.js
./node_modules/.pnpm/@sentry+node@10.15.0/node_modules/@sentry/node/build/cjs/index.js
./node_modules/.pnpm/@sentry+nextjs@10.15.0_@opentelemetry+context-async-hooks@2.1.0_@opentelemetry+api@1.9._03050658ebf5b7114215cfac20489037/node_modules/@sentry/nextjs/build/cjs/index.server.js
./lib/error-handling/error-logger.ts
./app/layout.tsx

./node_modules/.pnpm/require-in-the-middle@7.5.2/node_modules/require-in-the-middle/index.js
Critical dependency: require function is used in a way in which dependencies cannot be statically extracted

Import trace for requested module:
./node_modules/.pnpm/require-in-the-middle@7.5.2/node_modules/require-in-the-middle/index.js
./node_modules/.pnpm/@opentelemetry+instrumentation@0.204.0_@opentelemetry+api@1.9.0/node_modules/@opentelemetry/instrumentation/build/esm/platform/node/instrumentation.js
./node_modules/.pnpm/@opentelemetry+instrumentation@0.204.0_@opentelemetry+api@1.9.0/node_modules/@opentelemetry/instrumentation/build/esm/platform/node/index.js
./node_modules/.pnpm/@opentelemetry+instrumentation@0.204.0_@opentelemetry+api@1.9.0/node_modules/@opentelemetry/instrumentation/build/esm/platform/index.js
./node_modules/.pnpm/@opentelemetry+instrumentation@0.204.0_@opentelemetry+api@1.9.0/node_modules/@opentelemetry/instrumentation/build/esm/index.js
./node_modules/.pnpm/@sentry+node@10.15.0/node_modules/@sentry/node/build/cjs/integrations/tracing/postgresjs.js
./node_modules/.pnpm/@sentry+node@10.15.0/node_modules/@sentry/node/build/cjs/index.js
./node_modules/.pnpm/@sentry+nextjs@10.15.0_@opentelemetry+context-async-hooks@2.1.0_@opentelemetry+api@1.9._03050658ebf5b7114215cfac20489037/node_modules/@sentry/nextjs/build/cjs/index.server.js
./lib/error-handling/error-logger.ts
./app/layout.tsx
 ⚠ ./node_modules/.pnpm/@opentelemetry+instrumentation@0.204.0_@opentelemetry+api@1.9.0/node_modules/@opentelemetry/instrumentation/build/esm/platform/node/instrumentation.js
Critical dependency: the request of a dependency is an expression

Import trace for requested module:
./node_modules/.pnpm/@opentelemetry+instrumentation@0.204.0_@opentelemetry+api@1.9.0/node_modules/@opentelemetry/instrumentation/build/esm/platform/node/instrumentation.js
./node_modules/.pnpm/@opentelemetry+instrumentation@0.204.0_@opentelemetry+api@1.9.0/node_modules/@opentelemetry/instrumentation/build/esm/platform/node/index.js
./node_modules/.pnpm/@opentelemetry+instrumentation@0.204.0_@opentelemetry+api@1.9.0/node_modules/@opentelemetry/instrumentation/build/esm/platform/index.js
./node_modules/.pnpm/@opentelemetry+instrumentation@0.204.0_@opentelemetry+api@1.9.0/node_modules/@opentelemetry/instrumentation/build/esm/index.js
./node_modules/.pnpm/@sentry+node@10.15.0/node_modules/@sentry/node/build/cjs/integrations/tracing/postgresjs.js
./node_modules/.pnpm/@sentry+node@10.15.0/node_modules/@sentry/node/build/cjs/index.js
./node_modules/.pnpm/@sentry+nextjs@10.15.0_@opentelemetry+context-async-hooks@2.1.0_@opentelemetry+api@1.9._03050658ebf5b7114215cfac20489037/node_modules/@sentry/nextjs/build/cjs/index.server.js
./lib/error-handling/error-logger.ts
./app/global-error.tsx

./node_modules/.pnpm/require-in-the-middle@7.5.2/node_modules/require-in-the-middle/index.js
Critical dependency: require function is used in a way in which dependencies cannot be statically extracted

Import trace for requested module:
./node_modules/.pnpm/require-in-the-middle@7.5.2/node_modules/require-in-the-middle/index.js
./node_modules/.pnpm/@opentelemetry+instrumentation@0.204.0_@opentelemetry+api@1.9.0/node_modules/@opentelemetry/instrumentation/build/esm/platform/node/instrumentation.js
./node_modules/.pnpm/@opentelemetry+instrumentation@0.204.0_@opentelemetry+api@1.9.0/node_modules/@opentelemetry/instrumentation/build/esm/platform/node/index.js
./node_modules/.pnpm/@opentelemetry+instrumentation@0.204.0_@opentelemetry+api@1.9.0/node_modules/@opentelemetry/instrumentation/build/esm/platform/index.js
./node_modules/.pnpm/@opentelemetry+instrumentation@0.204.0_@opentelemetry+api@1.9.0/node_modules/@opentelemetry/instrumentation/build/esm/index.js
./node_modules/.pnpm/@sentry+node@10.15.0/node_modules/@sentry/node/build/cjs/integrations/tracing/postgresjs.js
./node_modules/.pnpm/@sentry+node@10.15.0/node_modules/@sentry/node/build/cjs/index.js
./node_modules/.pnpm/@sentry+nextjs@10.15.0_@opentelemetry+context-async-hooks@2.1.0_@opentelemetry+api@1.9._03050658ebf5b7114215cfac20489037/node_modules/@sentry/nextjs/build/cjs/index.server.js
./lib/error-handling/error-logger.ts
./app/global-error.tsx

./node_modules/.pnpm/@opentelemetry+instrumentation@0.204.0_@opentelemetry+api@1.9.0/node_modules/@opentelemetry/instrumentation/build/esm/platform/node/instrumentation.js
Critical dependency: the request of a dependency is an expression

Import trace for requested module:
./node_modules/.pnpm/@opentelemetry+instrumentation@0.204.0_@opentelemetry+api@1.9.0/node_modules/@opentelemetry/instrumentation/build/esm/platform/node/instrumentation.js
./node_modules/.pnpm/@opentelemetry+instrumentation@0.204.0_@opentelemetry+api@1.9.0/node_modules/@opentelemetry/instrumentation/build/esm/platform/node/index.js
./node_modules/.pnpm/@opentelemetry+instrumentation@0.204.0_@opentelemetry+api@1.9.0/node_modules/@opentelemetry/instrumentation/build/esm/platform/index.js
./node_modules/.pnpm/@opentelemetry+instrumentation@0.204.0_@opentelemetry+api@1.9.0/node_modules/@opentelemetry/instrumentation/build/esm/index.js
./node_modules/.pnpm/@sentry+node@10.15.0/node_modules/@sentry/node/build/cjs/integrations/tracing/postgresjs.js
./node_modules/.pnpm/@sentry+node@10.15.0/node_modules/@sentry/node/build/cjs/index.js
./node_modules/.pnpm/@sentry+nextjs@10.15.0_@opentelemetry+context-async-hooks@2.1.0_@opentelemetry+api@1.9._03050658ebf5b7114215cfac20489037/node_modules/@sentry/nextjs/build/cjs/index.server.js
./lib/error-handling/error-logger.ts
./app/layout.tsx

./node_modules/.pnpm/require-in-the-middle@7.5.2/node_modules/require-in-the-middle/index.js
Critical dependency: require function is used in a way in which dependencies cannot be statically extracted

Import trace for requested module:
./node_modules/.pnpm/require-in-the-middle@7.5.2/node_modules/require-in-the-middle/index.js
./node_modules/.pnpm/@opentelemetry+instrumentation@0.204.0_@opentelemetry+api@1.9.0/node_modules/@opentelemetry/instrumentation/build/esm/platform/node/instrumentation.js
./node_modules/.pnpm/@opentelemetry+instrumentation@0.204.0_@opentelemetry+api@1.9.0/node_modules/@opentelemetry/instrumentation/build/esm/platform/node/index.js
./node_modules/.pnpm/@opentelemetry+instrumentation@0.204.0_@opentelemetry+api@1.9.0/node_modules/@opentelemetry/instrumentation/build/esm/platform/index.js
./node_modules/.pnpm/@opentelemetry+instrumentation@0.204.0_@opentelemetry+api@1.9.0/node_modules/@opentelemetry/instrumentation/build/esm/index.js
./node_modules/.pnpm/@sentry+node@10.15.0/node_modules/@sentry/node/build/cjs/integrations/tracing/postgresjs.js
./node_modules/.pnpm/@sentry+node@10.15.0/node_modules/@sentry/node/build/cjs/index.js
./node_modules/.pnpm/@sentry+nextjs@10.15.0_@opentelemetry+context-async-hooks@2.1.0_@opentelemetry+api@1.9._03050658ebf5b7114215cfac20489037/node_modules/@sentry/nextjs/build/cjs/index.server.js
./lib/error-handling/error-logger.ts
./app/layout.tsx
 ⨯ [Error: ENOENT: no such file or directory, open '/Users/z/work/hanzo/build/.next/routes-manifest.json'] {
  errno: -2,
  code: 'ENOENT',
  syscall: 'open',
  path: '/Users/z/work/hanzo/build/.next/routes-manifest.json'
}
[Error: ENOENT: no such file or directory, open '/Users/z/work/hanzo/build/.next/server/app-paths-manifest.json'] {
  errno: -2,
  code: 'ENOENT',
  syscall: 'open',
  path: '/Users/z/work/hanzo/build/.next/server/app-paths-manifest.json',
  page: '/'
}
 ⨯ [Error: ENOENT: no such file or directory, open '/Users/z/work/hanzo/build/.next/routes-manifest.json'] {
  errno: -2,
  code: 'ENOENT',
  syscall: 'open',
  path: '/Users/z/work/hanzo/build/.next/routes-manifest.json'
}
[Error: ENOENT: no such file or directory, open '/Users/z/work/hanzo/build/.next/routes-manifest.json'] {
  errno: -2,
  code: 'ENOENT',
  syscall: 'open',
  path: '/Users/z/work/hanzo/build/.next/routes-manifest.json'
}
 GET / 500 in 3163ms
 GET / 500 in 242ms
 ⨯ [Error: ENOENT: no such file or directory, open '/Users/z/work/hanzo/build/.next/routes-manifest.json'] {
  errno: -2,
  code: 'ENOENT',
  syscall: 'open',
  path: '/Users/z/work/hanzo/build/.next/routes-manifest.json',
  page: '/'
}
 ⨯ [Error: ENOENT: no such file or directory, open '/Users/z/work/hanzo/build/.next/routes-manifest.json'] {
  errno: -2,
  code: 'ENOENT',
  syscall: 'open',
  path: '/Users/z/work/hanzo/build/.next/routes-manifest.json'
}
[Error: ENOENT: no such file or directory, open '/Users/z/work/hanzo/build/.next/routes-manifest.json'] {
  errno: -2,
  code: 'ENOENT',
  syscall: 'open',
  path: '/Users/z/work/hanzo/build/.next/routes-manifest.json',
  page: '/'
}
 ⨯ [Error: ENOENT: no such file or directory, open '/Users/z/work/hanzo/build/.next/routes-manifest.json'] {
  errno: -2,
  code: 'ENOENT',
  syscall: 'open',
  path: '/Users/z/work/hanzo/build/.next/routes-manifest.json'
}
[Error: ENOENT: no such file or directory, open '/Users/z/work/hanzo/build/.next/routes-manifest.json'] {
  errno: -2,
  code: 'ENOENT',
  syscall: 'open',
  path: '/Users/z/work/hanzo/build/.next/routes-manifest.json'
}
 GET / 500 in 818ms
 GET / 500 in 263ms
 ⨯ [Error: ENOENT: no such file or directory, open '/Users/z/work/hanzo/build/.next/routes-manifest.json'] {
  errno: -2,
  code: 'ENOENT',
  syscall: 'open',
  path: '/Users/z/work/hanzo/build/.next/routes-manifest.json',
  page: '/'
}
 ⨯ [Error: ENOENT: no such file or directory, open '/Users/z/work/hanzo/build/.next/routes-manifest.json'] {
  errno: -2,
  code: 'ENOENT',
  syscall: 'open',
  path: '/Users/z/work/hanzo/build/.next/routes-manifest.json'
}
[Error: ENOENT: no such file or directory, open '/Users/z/work/hanzo/build/.next/routes-manifest.json'] {
  errno: -2,
  code: 'ENOENT',
  syscall: 'open',
  path: '/Users/z/work/hanzo/build/.next/routes-manifest.json',
  page: '/'
}
 ⨯ [Error: ENOENT: no such file or directory, open '/Users/z/work/hanzo/build/.next/routes-manifest.json'] {
  errno: -2,
  code: 'ENOENT',
  syscall: 'open',
  path: '/Users/z/work/hanzo/build/.next/routes-manifest.json'
}
[Error: ENOENT: no such file or directory, open '/Users/z/work/hanzo/build/.next/routes-manifest.json'] {
  errno: -2,
  code: 'ENOENT',
  syscall: 'open',
  path: '/Users/z/work/hanzo/build/.next/routes-manifest.json'
}
 GET / 500 in 734ms
 GET / 500 in 246ms
 ⨯ [Error: ENOENT: no such file or directory, open '/Users/z/work/hanzo/build/.next/routes-manifest.json'] {
  errno: -2,
  code: 'ENOENT',
  syscall: 'open',
  path: '/Users/z/work/hanzo/build/.next/routes-manifest.json',
  page: '/'
}
 ⨯ [Error: ENOENT: no such file or directory, open '/Users/z/work/hanzo/build/.next/routes-manifest.json'] {
  errno: -2,
  code: 'ENOENT',
  syscall: 'open',
  path: '/Users/z/work/hanzo/build/.next/routes-manifest.json'
}
[Error: ENOENT: no such file or directory, open '/Users/z/work/hanzo/build/.next/routes-manifest.json'] {
  errno: -2,
  code: 'ENOENT',
  syscall: 'open',
  path: '/Users/z/work/hanzo/build/.next/routes-manifest.json',
  page: '/'
}
 ⨯ [Error: ENOENT: no such file or directory, open '/Users/z/work/hanzo/build/.next/routes-manifest.json'] {
  errno: -2,
  code: 'ENOENT',
  syscall: 'open',
  path: '/Users/z/work/hanzo/build/.next/routes-manifest.json'
}
[Error: ENOENT: no such file or directory, open '/Users/z/work/hanzo/build/.next/routes-manifest.json'] {
  errno: -2,
  code: 'ENOENT',
  syscall: 'open',
  path: '/Users/z/work/hanzo/build/.next/routes-manifest.json'
}
 HEAD / 500 in 772ms
 HEAD / 500 in 264ms
